Determining if the pthread_create exist failed with the following output:
Change Dir: /home/mfc/projects/university-cpp-project/cmake-build-debug/CMakeFiles/CMakeTmp

Run Build Command:"/usr/bin/make" "cmTC_f2709/fast"
/usr/bin/make -f CMakeFiles/cmTC_f2709.dir/build.make CMakeFiles/cmTC_f2709.dir/build
make[1]: Entering directory '/home/mfc/projects/university-cpp-project/cmake-build-debug/CMakeFiles/CMakeTmp'
Building C object CMakeFiles/cmTC_f2709.dir/CheckSymbolExists.c.o
/usr/bin/cc     -o CMakeFiles/cmTC_f2709.dir/CheckSymbolExists.c.o   -c /home/mfc/projects/university-cpp-project/cmake-build-debug/CMakeFiles/CMakeTmp/CheckSymbolExists.c
Linking C executable cmTC_f2709
/home/mfc/programs/clion/bin/cmake/bin/cmake -E cmake_link_script CMakeFiles/cmTC_f2709.dir/link.txt --verbose=1
/usr/bin/cc       CMakeFiles/cmTC_f2709.dir/CheckSymbolExists.c.o  -o cmTC_f2709 
CMakeFiles/cmTC_f2709.dir/CheckSymbolExists.c.o: In function `main':
CheckSymbolExists.c:(.text+0x16): undefined reference to `pthread_create'
collect2: error: ld returned 1 exit status
CMakeFiles/cmTC_f2709.dir/build.make:97: recipe for target 'cmTC_f2709' failed
make[1]: *** [cmTC_f2709] Error 1
make[1]: Leaving directory '/home/mfc/projects/university-cpp-project/cmake-build-debug/CMakeFiles/CMakeTmp'
Makefile:126: recipe for target 'cmTC_f2709/fast' failed
make: *** [cmTC_f2709/fast] Error 2

File /home/mfc/projects/university-cpp-project/cmake-build-debug/CMakeFiles/CMakeTmp/CheckSymbolExists.c:
/* */
#include <pthread.h>

int main(int argc, char** argv)
{
  (void)argv;
#ifndef pthread_create
  return ((int*)(&pthread_create))[argc];
#else
  (void)argc;
  return 0;
#endif
}

Determining if the function pthread_create exists in the pthreads failed with the following output:
Change Dir: /home/mfc/projects/university-cpp-project/cmake-build-debug/CMakeFiles/CMakeTmp

Run Build Command:"/usr/bin/make" "cmTC_08d34/fast"
/usr/bin/make -f CMakeFiles/cmTC_08d34.dir/build.make CMakeFiles/cmTC_08d34.dir/build
make[1]: Entering directory '/home/mfc/projects/university-cpp-project/cmake-build-debug/CMakeFiles/CMakeTmp'
Building C object CMakeFiles/cmTC_08d34.dir/CheckFunctionExists.c.o
/usr/bin/cc    -DCHECK_FUNCTION_EXISTS=pthread_create   -o CMakeFiles/cmTC_08d34.dir/CheckFunctionExists.c.o   -c /home/mfc/programs/clion/bin/cmake/share/cmake-3.7/Modules/CheckFunctionExists.c
Linking C executable cmTC_08d34
/home/mfc/programs/clion/bin/cmake/bin/cmake -E cmake_link_script CMakeFiles/cmTC_08d34.dir/link.txt --verbose=1
/usr/bin/cc   -DCHECK_FUNCTION_EXISTS=pthread_create    CMakeFiles/cmTC_08d34.dir/CheckFunctionExists.c.o  -o cmTC_08d34 -lpthreads 
/usr/bin/ld: cannot find -lpthreads
collect2: error: ld returned 1 exit status
CMakeFiles/cmTC_08d34.dir/build.make:97: recipe for target 'cmTC_08d34' failed
make[1]: *** [cmTC_08d34] Error 1
make[1]: Leaving directory '/home/mfc/projects/university-cpp-project/cmake-build-debug/CMakeFiles/CMakeTmp'
Makefile:126: recipe for target 'cmTC_08d34/fast' failed
make: *** [cmTC_08d34/fast] Error 2


